{"C:\\Users\\disrct\\Desktop\\Kaiky\\RNM\\Revisão\\API\\test\\unit\\fibonnacci.js": {"path":"C:\\Users\\disrct\\Desktop\\Kaiky\\RNM\\Revisão\\API\\test\\unit\\fibonnacci.js","statementMap":{"0":{"start":{"line":3,"column":4},"end":{"line":16,"column":5}},"1":{"start":{"line":5,"column":6},"end":{"line":5,"column":15}},"2":{"start":{"line":8,"column":9},"end":{"line":16,"column":5}},"3":{"start":{"line":10,"column":6},"end":{"line":10,"column":15}},"4":{"start":{"line":15,"column":6},"end":{"line":15,"column":51}},"5":{"start":{"line":19,"column":0},"end":{"line":19,"column":29}}},"fnMap":{"0":{"name":"fibonnacci","decl":{"start":{"line":1,"column":9},"end":{"line":1,"column":19}},"loc":{"start":{"line":2,"column":0},"end":{"line":17,"column":1}},"line":2}},"branchMap":{"0":{"loc":{"start":{"line":3,"column":4},"end":{"line":16,"column":5}},"type":"if","locations":[{"start":{"line":3,"column":4},"end":{"line":16,"column":5}},{"start":{"line":8,"column":9},"end":{"line":16,"column":5}}],"line":3},"1":{"loc":{"start":{"line":8,"column":9},"end":{"line":16,"column":5}},"type":"if","locations":[{"start":{"line":8,"column":9},"end":{"line":16,"column":5}},{"start":{"line":14,"column":4},"end":{"line":16,"column":5}}],"line":8}},"s":{"0":1398,"1":268,"2":1130,"3":433,"4":697,"5":1},"f":{"0":1398},"b":{"0":[268,1130],"1":[433,697]},"_coverageSchema":"1a1c01bbd47fc00a2c39e90264f33305004495a9","hash":"47b82d720cd098b51cb88e2f971a24572413f31e"}
}
