<?xml version="1.0" encoding="UTF-8"?>
<coverage generated="1693837550153" clover="3.2.0">
  <project timestamp="1693837550153" name="All files">
    <metrics statements="6" coveredstatements="6" conditionals="4" coveredconditionals="4" methods="1" coveredmethods="1" elements="11" coveredelements="11" complexity="0" loc="6" ncloc="6" packages="1" files="1" classes="1"/>
    <file name="fibonnacci.js" path="C:\Users\disrct\Desktop\Kaiky\RNM\Revisão\API\test\unit\fibonnacci.js">
      <metrics statements="6" coveredstatements="6" conditionals="4" coveredconditionals="4" methods="1" coveredmethods="1"/>
      <line num="3" count="1398" type="cond" truecount="2" falsecount="0"/>
      <line num="5" count="268" type="stmt"/>
      <line num="8" count="1130" type="cond" truecount="2" falsecount="0"/>
      <line num="10" count="433" type="stmt"/>
      <line num="15" count="697" type="stmt"/>
      <line num="19" count="1" type="stmt"/>
    </file>
  </project>
</coverage>
